GROUP,PACKAGE,CLASS,INSTRUCTION_MISSED,INSTRUCTION_COVERED,BRANCH_MISSED,BRANCH_COVERED,LINE_MISSED,LINE_COVERED,COMPLEXITY_MISSED,COMPLEXITY_COVERED,METHOD_MISSED,METHOD_COVERED
Restaurant Service,com.foodai.restaurant.domain.repository,RestaurantSearchRepositoryImpl,142,346,38,22,30,57,26,12,3,5
Restaurant Service,com.foodai.restaurant.exception,RestaurantAlreadyExistsException,0,4,0,0,0,2,0,1,0,1
Restaurant Service,com.foodai.restaurant.exception,DocumentVerificationException,19,0,0,0,4,0,2,0,2,0
Restaurant Service,com.foodai.restaurant.exception,OutletNotFoundException,4,11,0,0,2,2,1,1,1,1
Restaurant Service,com.foodai.restaurant.exception,InvalidOutletStatusException,19,0,0,0,4,0,2,0,2,0
Restaurant Service,com.foodai.restaurant.exception,ApiErrorResponse.ApiErrorResponseBuilder,16,49,0,0,0,1,1,8,1,8
Restaurant Service,com.foodai.restaurant.exception,ApiErrorResponse,242,43,48,0,2,8,35,8,11,8
Restaurant Service,com.foodai.restaurant.exception,ServiceabilityException,19,0,0,0,4,0,2,0,2,0
Restaurant Service,com.foodai.restaurant.exception,GlobalExceptionHandler,142,208,0,0,43,63,5,9,5,9
Restaurant Service,com.foodai.restaurant.exception,InvalidRestaurantStatusException,15,4,0,0,2,2,1,1,1,1
Restaurant Service,com.foodai.restaurant.exception,RestaurantNotFoundException,4,11,0,0,2,2,1,1,1,1
Restaurant Service,com.foodai.restaurant.dto.response,OperatingHoursResponse.OperatingHoursResponseBuilder,48,0,0,0,1,0,7,0,7,0
Restaurant Service,com.foodai.restaurant.dto.response,OutletSearchResponse.AddressDTO,355,31,70,0,10,2,56,2,21,2
Restaurant Service,com.foodai.restaurant.dto.response,DocumentResponse.DocumentResponseBuilder,15,42,0,0,0,1,1,7,1,7
Restaurant Service,com.foodai.restaurant.dto.response,ServiceabilityResponse,345,0,62,0,11,0,52,0,21,0
Restaurant Service,com.foodai.restaurant.dto.response,DocumentResponse,223,37,46,0,2,7,33,7,10,7
Restaurant Service,com.foodai.restaurant.dto.response,OutletResponse.OutletResponseBuilder,234,0,0,0,1,0,27,0,27,0
Restaurant Service,com.foodai.restaurant.dto.response,AddressResponse.AddressResponseBuilder,72,0,0,0,1,0,10,0,10,0
Restaurant Service,com.foodai.restaurant.dto.response,RestaurantResponse,859,139,182,0,2,24,118,24,27,24
Restaurant Service,com.foodai.restaurant.dto.response,ContactResponse.ContactResponseBuilder,24,77,0,0,0,1,1,12,1,12
Restaurant Service,com.foodai.restaurant.dto.response,TATConfigResponse,386,0,70,0,12,0,58,0,23,0
Restaurant Service,com.foodai.restaurant.dto.response,ApiResponse.ApiResponseBuilder,12,35,0,0,0,1,1,6,1,6
Restaurant Service,com.foodai.restaurant.dto.response,OutletSearchResponse,867,82,174,0,19,6,130,6,43,6
Restaurant Service,com.foodai.restaurant.dto.response,OutletSearchResponse.OutletSearchResponseBuilder,68,134,0,0,0,1,5,19,5,19
Restaurant Service,com.foodai.restaurant.dto.response,RestaurantResponse.RestaurantResponseBuilder,56,161,0,0,0,1,1,24,1,24
Restaurant Service,com.foodai.restaurant.dto.response,TATResponse,173,0,30,0,7,0,28,0,13,0
Restaurant Service,com.foodai.restaurant.dto.response,OutletSearchResponse.AddressDTO.AddressDTOBuilder,18,63,0,0,0,1,1,10,1,10
Restaurant Service,com.foodai.restaurant.dto.response,TATResponse.TATResponseBuilder,38,0,0,0,1,0,6,0,6,0
Restaurant Service,com.foodai.restaurant.dto.response,OutletResponse,1083,0,198,0,28,0,154,0,55,0
Restaurant Service,com.foodai.restaurant.dto.response,RestaurantSearchResponse,781,82,158,0,15,8,116,8,37,8
Restaurant Service,com.foodai.restaurant.dto.response,OwnerResponse,370,61,78,0,2,11,53,11,14,11
Restaurant Service,com.foodai.restaurant.dto.response,ContractResponse,636,103,134,0,2,18,88,18,21,18
Restaurant Service,com.foodai.restaurant.dto.response,ContractResponse.ContractResponseBuilder,43,119,0,0,0,1,1,18,1,18
Restaurant Service,com.foodai.restaurant.dto.response,RestaurantSearchResponse.NearbyOutletDTO,275,25,54,0,8,2,44,2,17,2
Restaurant Service,com.foodai.restaurant.dto.response,TATConfigResponse.TATConfigResponseBuilder,81,0,0,0,1,0,11,0,11,0
Restaurant Service,com.foodai.restaurant.dto.response,ServiceabilityResponse.ServiceabilityResponseBuilder,74,0,0,0,1,0,10,0,10,0
Restaurant Service,com.foodai.restaurant.dto.response,OperatingHoursResponse,217,0,38,0,8,0,34,0,15,0
Restaurant Service,com.foodai.restaurant.dto.response,RestaurantSearchResponse.RestaurantSearchResponseBuilder,44,140,0,0,0,1,1,21,1,21
Restaurant Service,com.foodai.restaurant.dto.response,AddressResponse,343,0,62,0,11,0,52,0,21,0
Restaurant Service,com.foodai.restaurant.dto.response,ApiResponse,183,53,34,0,8,18,27,8,10,8
Restaurant Service,com.foodai.restaurant.dto.response,RestaurantSearchResponse.NearbyOutletDTO.NearbyOutletDTOBuilder,14,49,0,0,0,1,1,8,1,8
Restaurant Service,com.foodai.restaurant.dto.response,OwnerResponse.OwnerResponseBuilder,22,70,0,0,0,1,1,11,1,11
Restaurant Service,com.foodai.restaurant.dto.response,ContactResponse,407,67,86,0,2,12,58,12,15,12
Restaurant Service,com.foodai.restaurant.dto.request,OwnerDTO.OwnerDTOBuilder,22,51,0,0,0,1,2,8,2,8
Restaurant Service,com.foodai.restaurant.dto.request,TATConfigDTO,386,0,70,0,12,0,58,0,23,0
Restaurant Service,com.foodai.restaurant.dto.request,SearchRestaurantRequest.SearchRestaurantRequestBuilder,34,162,0,10,0,1,1,22,1,17
Restaurant Service,com.foodai.restaurant.dto.request,CreateOutletRequest,520,0,94,0,15,0,76,0,29,0
Restaurant Service,com.foodai.restaurant.dto.request,OwnerDTO,264,80,62,0,0,11,35,17,4,17
Restaurant Service,com.foodai.restaurant.dto.request,PenaltyConfigDTO.PenaltyConfigDTOBuilder,90,0,0,0,1,0,12,0,12,0
Restaurant Service,com.foodai.restaurant.dto.request,ServiceabilityConfigDTO,301,0,54,0,10,0,46,0,19,0
Restaurant Service,com.foodai.restaurant.dto.request,TATConfigDTO.TATConfigDTOBuilder,81,0,0,0,1,0,11,0,11,0
Restaurant Service,com.foodai.restaurant.dto.request,DeliveryFeeDTO.DeliveryFeeDTOBuilder,45,38,0,0,0,1,6,5,6,5
Restaurant Service,com.foodai.restaurant.dto.request,ContactDTO.ContactDTOBuilder,34,48,0,0,0,1,4,7,4,7
Restaurant Service,com.foodai.restaurant.dto.request,PenaltyConfigDTO,429,0,78,0,13,0,64,0,25,0
Restaurant Service,com.foodai.restaurant.dto.request,ContactDTO,297,90,70,0,0,12,39,19,4,19
Restaurant Service,com.foodai.restaurant.dto.request,AddressDTO,294,49,62,0,2,9,43,9,12,9
Restaurant Service,com.foodai.restaurant.dto.request,DeliveryFeeDTO,298,90,70,0,0,12,39,19,4,19
Restaurant Service,com.foodai.restaurant.dto.request,DocumentDTO,132,40,30,0,0,7,19,9,4,9
Restaurant Service,com.foodai.restaurant.dto.request,DocumentDTO.DocumentDTOBuilder,14,23,0,0,0,1,2,4,2,4
Restaurant Service,com.foodai.restaurant.dto.request,CreateOutletRequest.CreateOutletRequestBuilder,113,0,0,0,1,0,14,0,14,0
Restaurant Service,com.foodai.restaurant.dto.request,ContractDTO.ContractDTOBuilder,47,38,0,0,0,1,6,5,6,5
Restaurant Service,com.foodai.restaurant.dto.request,OperatingHoursDTO.OperatingHoursDTOBuilder,13,35,0,0,0,1,1,6,1,6
Restaurant Service,com.foodai.restaurant.dto.request,OperatingHoursDTO,186,31,38,0,2,6,28,6,9,6
Restaurant Service,com.foodai.restaurant.dto.request,PlatformFeeDTO,198,60,46,0,0,9,27,13,4,13
Restaurant Service,com.foodai.restaurant.dto.request,SearchRestaurantRequest,329,477,105,33,0,25,60,54,3,42
Restaurant Service,com.foodai.restaurant.dto.request,PaymentGatewayFeeDTO.PaymentGatewayFeeDTOBuilder,31,34,0,0,0,1,4,5,4,5
Restaurant Service,com.foodai.restaurant.dto.request,PlatformFeeDTO.PlatformFeeDTOBuilder,28,27,0,0,0,1,4,4,4,4
Restaurant Service,com.foodai.restaurant.dto.request,ContractDTO,300,90,70,0,0,12,39,19,4,19
Restaurant Service,com.foodai.restaurant.dto.request,PaymentGatewayFeeDTO,232,70,54,0,0,10,31,15,4,15
Restaurant Service,com.foodai.restaurant.dto.request,ServiceabilityConfigDTO.ServiceabilityConfigDTOBuilder,64,0,0,0,1,0,9,0,9,0
Restaurant Service,com.foodai.restaurant.dto.request,CreateRestaurantRequest,367,110,86,0,0,14,47,23,4,23
Restaurant Service,com.foodai.restaurant.dto.request,AddressDTO.AddressDTOBuilder,16,56,0,0,0,1,1,9,1,9
Restaurant Service,com.foodai.restaurant.dto.request,CreateRestaurantRequest.CreateRestaurantRequestBuilder,37,67,0,0,0,1,3,10,3,10
Restaurant Service,com.foodai.restaurant.mapper,RestaurantMapperImpl,690,1158,74,60,173,276,65,39,12,25
Restaurant Service,com.foodai.restaurant.mapper,SearchMapper,14,414,12,30,3,101,12,31,0,22
Restaurant Service,com.foodai.restaurant.mapper,RestaurantMapper,0,5,0,0,0,2,0,2,0,2
Restaurant Service,com.foodai.restaurant.controller,RestaurantController,45,178,0,2,11,35,3,12,3,11
Restaurant Service,com.foodai.restaurant.config,RedisConfig,55,0,0,0,18,0,3,0,3,0
Restaurant Service,com.foodai.restaurant.config,KafkaConfig,0,91,0,0,0,45,0,12,0,12
Restaurant Service,com.foodai.restaurant.config,MongoConfig,0,3,0,0,0,1,0,1,0,1
Restaurant Service,com.foodai.restaurant,RestaurantApplication,5,3,0,0,2,1,1,1,1,1
Restaurant Service,com.foodai.restaurant.service,RestaurantService,312,454,14,11,52,87,25,23,15,19
Restaurant Service,com.foodai.restaurant.domain.model,ContractHistory,606,0,110,0,17,0,88,0,33,0
Restaurant Service,com.foodai.restaurant.domain.model,DocumentStatus,0,21,0,0,0,4,0,1,0,1
Restaurant Service,com.foodai.restaurant.domain.model,ContactType,0,33,0,0,0,6,0,1,0,1
Restaurant Service,com.foodai.restaurant.domain.model,ServiceabilityHistory,518,0,94,0,15,0,76,0,29,0
Restaurant Service,com.foodai.restaurant.domain.model,OperatingHoursVO,186,31,38,0,2,6,28,6,9,6
Restaurant Service,com.foodai.restaurant.domain.model,RestaurantHistory.RestaurantHistoryBuilder,112,0,0,0,1,0,14,0,14,0
Restaurant Service,com.foodai.restaurant.domain.model,PlatformFeeConfig.PlatformFeeConfigBuilder,21,44,0,0,0,1,2,7,2,7
Restaurant Service,com.foodai.restaurant.domain.model,DocumentType,0,27,0,0,0,5,0,1,0,1
Restaurant Service,com.foodai.restaurant.domain.model,OwnerVO,367,64,78,0,1,12,52,12,13,12
Restaurant Service,com.foodai.restaurant.domain.model,CancellationPenaltyVO.CancellationPenaltyVOBuilder,90,0,0,0,1,0,12,0,12,0
Restaurant Service,com.foodai.restaurant.domain.model,OutletHistory,562,0,102,0,16,0,82,0,31,0
Restaurant Service,com.foodai.restaurant.domain.model,PlatformFeeConfig,256,46,54,0,1,9,37,9,10,9
Restaurant Service,com.foodai.restaurant.domain.model,DeliveryFeePayor,0,27,0,0,0,5,0,1,0,1
Restaurant Service,com.foodai.restaurant.domain.model,PenaltyConfig.PenaltyConfigBuilder,79,0,0,0,1,0,10,0,10,0
Restaurant Service,com.foodai.restaurant.domain.model,ServiceabilityHistory.ServiceabilityHistoryBuilder,111,0,0,0,1,0,14,0,14,0
Restaurant Service,com.foodai.restaurant.domain.model,FeeType,0,21,0,0,0,4,0,1,0,1
Restaurant Service,com.foodai.restaurant.domain.model,TimeRangeVO.TimeRangeVOBuilder,29,0,0,0,1,0,5,0,5,0
Restaurant Service,com.foodai.restaurant.domain.model,DistanceFeeSlabVO,171,0,30,0,7,0,28,0,13,0
Restaurant Service,com.foodai.restaurant.domain.model,RestaurantStatus,0,33,0,0,0,6,0,1,0,1
Restaurant Service,com.foodai.restaurant.domain.model,DistanceFeeSlabVO.DistanceFeeSlabVOBuilder,36,0,0,0,1,0,6,0,6,0
Restaurant Service,com.foodai.restaurant.domain.model,TATConfig.TATConfigBuilder,91,0,0,0,1,0,12,0,12,0
Restaurant Service,com.foodai.restaurant.domain.model,DocumentVO,220,40,46,0,1,8,32,8,9,8
Restaurant Service,com.foodai.restaurant.domain.model,DeliveryFeeConfig.DeliveryFeeConfigBuilder,28,65,0,0,0,1,2,10,2,10
Restaurant Service,com.foodai.restaurant.domain.model,OnboardingType,0,15,0,0,0,3,0,1,0,1
Restaurant Service,com.foodai.restaurant.domain.model,ViolationPenaltyVO.ViolationPenaltyVOBuilder,55,0,0,0,1,0,8,0,8,0
Restaurant Service,com.foodai.restaurant.domain.model,Restaurant,985,216,218,0,0,31,129,41,20,41
Restaurant Service,com.foodai.restaurant.domain.model,PaymentGatewayFeeConfig.PaymentGatewayFeeConfigBuilder,16,49,0,0,0,1,1,8,1,8
Restaurant Service,com.foodai.restaurant.domain.model,OwnerRole,0,27,0,0,0,5,0,1,0,1
Restaurant Service,com.foodai.restaurant.domain.model,OutletHistory.OutletHistoryBuilder,121,0,0,0,1,0,15,0,15,0
Restaurant Service,com.foodai.restaurant.domain.model,ReviewPenaltyVO,300,0,54,0,10,0,46,0,19,0
Restaurant Service,com.foodai.restaurant.domain.model,ContractVO,633,106,134,0,1,19,87,19,20,19
Restaurant Service,com.foodai.restaurant.domain.model,PricingViolationPenaltyVO,300,0,54,0,10,0,46,0,19,0
Restaurant Service,com.foodai.restaurant.domain.model,AddressVO,294,49,62,0,2,9,43,9,12,9
Restaurant Service,com.foodai.restaurant.domain.model,PenaltyConfig,350,0,62,0,11,0,52,0,21,0
Restaurant Service,com.foodai.restaurant.domain.model,ServiceabilityRules,215,0,38,0,8,0,34,0,15,0
Restaurant Service,com.foodai.restaurant.domain.model,PenaltyAction,27,0,0,0,5,0,1,0,1,0
Restaurant Service,com.foodai.restaurant.domain.model,PenaltyHistory,690,0,126,0,19,0,100,0,37,0
Restaurant Service,com.foodai.restaurant.domain.model,QualityViolationPenaltyVO,386,0,70,0,12,0,58,0,23,0
Restaurant Service,com.foodai.restaurant.domain.model,RestaurantOutlet.RestaurantOutletBuilder,141,121,0,0,0,1,16,14,16,14
Restaurant Service,com.foodai.restaurant.domain.model,ServiceabilityConfig,194,22,38,0,5,3,31,3,12,3
Restaurant Service,com.foodai.restaurant.domain.model,RatingPenaltyVO.RatingPenaltyVOBuilder,90,0,0,0,1,0,12,0,12,0
Restaurant Service,com.foodai.restaurant.domain.model,DelayPenaltyVO,300,0,54,0,10,0,46,0,19,0
Restaurant Service,com.foodai.restaurant.domain.model,PaymentFeePayor,0,21,0,0,0,4,0,1,0,1
Restaurant Service,com.foodai.restaurant.domain.model,AddressVO.AddressVOBuilder,16,56,0,0,0,1,1,9,1,9
Restaurant Service,com.foodai.restaurant.domain.model,ContractVO.ContractVOBuilder,68,94,0,0,0,1,6,13,6,13
Restaurant Service,com.foodai.restaurant.domain.model,PenaltyStatus,33,0,0,0,6,0,1,0,1,0
Restaurant Service,com.foodai.restaurant.domain.model,FeeSlabVO.FeeSlabVOBuilder,45,0,0,0,1,0,7,0,7,0
Restaurant Service,com.foodai.restaurant.domain.model,ServiceabilityConfig.ServiceabilityConfigBuilder,27,20,0,0,0,1,4,3,4,3
Restaurant Service,com.foodai.restaurant.domain.model,ContactVO.ContactVOBuilder,34,67,0,0,0,1,3,10,3,10
Restaurant Service,com.foodai.restaurant.domain.model,RatingPenaltyVO,429,0,78,0,13,0,64,0,25,0
Restaurant Service,com.foodai.restaurant.domain.model,ContractHistory.ContractHistoryBuilder,131,0,0,0,1,0,16,0,16,0
Restaurant Service,com.foodai.restaurant.domain.model,DocumentVO.DocumentVOBuilder,25,32,0,0,0,1,3,5,3,5
Restaurant Service,com.foodai.restaurant.domain.model,TATConfig,430,0,78,0,13,0,64,0,25,0
Restaurant Service,com.foodai.restaurant.domain.model,RestaurantOutlet,1079,121,218,0,18,13,157,13,48,13
Restaurant Service,com.foodai.restaurant.domain.model,QualityViolationPenaltyVO.QualityViolationPenaltyVOBuilder,81,0,0,0,1,0,11,0,11,0
Restaurant Service,com.foodai.restaurant.domain.model,PricingViolationPenaltyVO.PricingViolationPenaltyVOBuilder,63,0,0,0,1,0,9,0,9,0
Restaurant Service,com.foodai.restaurant.domain.model,DeliveryFeeConfig,368,64,78,0,1,12,52,12,13,12
Restaurant Service,com.foodai.restaurant.domain.model,ViolationPenaltyVO,258,0,46,0,9,0,40,0,17,0
Restaurant Service,com.foodai.restaurant.domain.model,ContactVO,404,70,86,0,1,13,57,13,14,13
Restaurant Service,com.foodai.restaurant.domain.model,ServiceabilityRules.ServiceabilityRulesBuilder,46,0,0,0,1,0,7,0,7,0
Restaurant Service,com.foodai.restaurant.domain.model,RestaurantHistory,519,0,94,0,15,0,76,0,29,0
Restaurant Service,com.foodai.restaurant.domain.model,FeeSlabVO,214,0,38,0,8,0,34,0,15,0
Restaurant Service,com.foodai.restaurant.domain.model,OutletStatus,0,39,0,0,0,7,0,1,0,1
Restaurant Service,com.foodai.restaurant.domain.model,Restaurant.RestaurantBuilder,72,191,0,0,0,1,2,28,2,28
Restaurant Service,com.foodai.restaurant.domain.model,OperatingHoursVO.OperatingHoursVOBuilder,13,35,0,0,0,1,1,6,1,6
Restaurant Service,com.foodai.restaurant.domain.model,DelayPenaltyVO.DelayPenaltyVOBuilder,63,0,0,0,1,0,9,0,9,0
Restaurant Service,com.foodai.restaurant.domain.model,PenaltyHistory.PenaltyHistoryBuilder,147,0,0,0,1,0,18,0,18,0
Restaurant Service,com.foodai.restaurant.domain.model,ChangeType,51,0,0,0,9,0,1,0,1,0
Restaurant Service,com.foodai.restaurant.domain.model,TimeRangeVO,130,0,22,0,6,0,22,0,11,0
Restaurant Service,com.foodai.restaurant.domain.model,CancellationPenaltyVO,429,0,78,0,13,0,64,0,25,0
Restaurant Service,com.foodai.restaurant.domain.model,ReviewPenaltyVO.ReviewPenaltyVOBuilder,63,0,0,0,1,0,9,0,9,0
Restaurant Service,com.foodai.restaurant.domain.model,PaymentGatewayFeeConfig,256,46,54,0,1,9,37,9,10,9
Restaurant Service,com.foodai.restaurant.domain.model,BudgetType,20,59,8,2,9,13,9,4,1,4
Restaurant Service,com.foodai.restaurant.domain.model,OwnerVO.OwnerVOBuilder,32,60,0,0,0,1,3,9,3,9
